# JRE version: OpenJDK Runtime Environment (17.0.6) (build 17.0.6+0-b2043.56-9586694)
# Java VM: OpenJDK 64-Bit Server VM (17.0.6+0-b2043.56-9586694, mixed mode, tiered, compressed oops, compressed class ptrs, g1 gc, windows-amd64)
GC Precious Log:
 CPUs: 16 total, 16 available
 Memory: 32469M
 Large Page Support: Disabled
 NUMA Support: Disabled
 Compressed Oops: Enabled (32-bit)
 Heap Region Size: 1M
 Heap Min Capacity: 8M
 Heap Initial Capacity: 508M
 Heap Max Capacity: 2G
 Pre-touch: Disabled
 Parallel Workers: 13
 Concurrent Workers: 3
 Concurrent Refinement Workers: 13
 Periodic GC: Disabled
Heap:
 garbage-first heap   total 273408K, used 154938K [0x0000000080000000, 0x0000000100000000)
  region size 1024K, 12 young (12288K), 9 survivors (9216K)
 Metaspace       used 103166K, committed 103872K, reserved 1146880K
  class space    used 13972K, committed 14336K, reserved 1048576K
GC Heap History (20 events):
Event: 8.464 GC heap before
{Heap before GC invocations=14 (full 0):
 garbage-first heap   total 198656K, used 179274K [0x0000000080000000, 0x0000000100000000)
  region size 1024K, 116 young (118784K), 3 survivors (3072K)
 Metaspace       used 71170K, committed 71744K, reserved 1114112K
  class space    used 9355K, committed 9600K, reserved 1048576K
}
Event: 8.472 GC heap after
{Heap after GC invocations=15 (full 0):
 garbage-first heap   total 198656K, used 65337K [0x0000000080000000, 0x0000000100000000)
  region size 1024K, 11 young (11264K), 11 survivors (11264K)
 Metaspace       used 71170K, committed 71744K, reserved 1114112K
  class space    used 9355K, committed 9600K, reserved 1048576K
}
Event: 9.533 GC heap before
{Heap before GC invocations=16 (full 0):
 garbage-first heap   total 198656K, used 155449K [0x0000000080000000, 0x0000000100000000)
  region size 1024K, 99 young (101376K), 11 survivors (11264K)
 Metaspace       used 79472K, committed 80064K, reserved 1122304K
  class space    used 10728K, committed 11008K, reserved 1048576K
}
Event: 9.544 GC heap after
{Heap after GC invocations=17 (full 0):
 garbage-first heap   total 198656K, used 70951K [0x0000000080000000, 0x0000000100000000)
  region size 1024K, 6 young (6144K), 6 survivors (6144K)
 Metaspace       used 79472K, committed 80064K, reserved 1122304K
  class space    used 10728K, committed 11008K, reserved 1048576K
}
Event: 9.586 GC heap before
{Heap before GC invocations=17 (full 0):
 garbage-first heap   total 198656K, used 74023K [0x0000000080000000, 0x0000000100000000)
  region size 1024K, 9 young (9216K), 6 survivors (6144K)
 Metaspace       used 79823K, committed 80384K, reserved 1122304K
  class space    used 10751K, committed 11008K, reserved 1048576K
}
Event: 9.590 GC heap after
{Heap after GC invocations=18 (full 0):
 garbage-first heap   total 198656K, used 72939K [0x0000000080000000, 0x0000000100000000)
  region size 1024K, 2 young (2048K), 2 survivors (2048K)
 Metaspace       used 79823K, committed 80384K, reserved 1122304K
  class space    used 10751K, committed 11008K, reserved 1048576K
}
Event: 10.642 GC heap before
{Heap before GC invocations=18 (full 0):
 garbage-first heap   total 198656K, used 156907K [0x0000000080000000, 0x0000000100000000)
  region size 1024K, 84 young (86016K), 2 survivors (2048K)
 Metaspace       used 90123K, committed 90752K, reserved 1130496K
  class space    used 12205K, committed 12480K, reserved 1048576K
}
Event: 10.649 GC heap after
{Heap after GC invocations=19 (full 0):
 garbage-first heap   total 198656K, used 77960K [0x0000000080000000, 0x0000000100000000)
  region size 1024K, 7 young (7168K), 7 survivors (7168K)
 Metaspace       used 90123K, committed 90752K, reserved 1130496K
  class space    used 12205K, committed 12480K, reserved 1048576K
}
Event: 11.354 GC heap before
{Heap before GC invocations=19 (full 0):
 garbage-first heap   total 198656K, used 158856K [0x0000000080000000, 0x0000000100000000)
  region size 1024K, 86 young (88064K), 7 survivors (7168K)
 Metaspace       used 92135K, committed 92800K, reserved 1130496K
  class space    used 12491K, committed 12800K, reserved 1048576K
}
Event: 11.363 GC heap after
{Heap after GC invocations=20 (full 0):
 garbage-first heap   total 198656K, used 89070K [0x0000000080000000, 0x0000000100000000)
  region size 1024K, 11 young (11264K), 11 survivors (11264K)
 Metaspace       used 92135K, committed 92800K, reserved 1130496K
  class space    used 12491K, committed 12800K, reserved 1048576K
}
Event: 12.079 GC heap before
{Heap before GC invocations=20 (full 0):
 garbage-first heap   total 198656K, used 155630K [0x0000000080000000, 0x0000000100000000)
  region size 1024K, 77 young (78848K), 11 survivors (11264K)
 Metaspace       used 96805K, committed 97472K, reserved 1138688K
  class space    used 13234K, committed 13504K, reserved 1048576K
}
Event: 12.087 GC heap after
{Heap after GC invocations=21 (full 0):
 garbage-first heap   total 198656K, used 97009K [0x0000000080000000, 0x0000000100000000)
  region size 1024K, 8 young (8192K), 8 survivors (8192K)
 Metaspace       used 96805K, committed 97472K, reserved 1138688K
  class space    used 13234K, committed 13504K, reserved 1048576K
}
Event: 12.929 GC heap before
{Heap before GC invocations=21 (full 0):
 garbage-first heap   total 198656K, used 157425K [0x0000000080000000, 0x0000000100000000)
  region size 1024K, 68 young (69632K), 8 survivors (8192K)
 Metaspace       used 99949K, committed 100672K, reserved 1138688K
  class space    used 13584K, committed 13952K, reserved 1048576K
}
Event: 12.937 GC heap after
{Heap after GC invocations=22 (full 0):
 garbage-first heap   total 198656K, used 105124K [0x0000000080000000, 0x0000000100000000)
  region size 1024K, 9 young (9216K), 9 survivors (9216K)
 Metaspace       used 99949K, committed 100672K, reserved 1138688K
  class space    used 13584K, committed 13952K, reserved 1048576K
}
Event: 13.626 GC heap before
{Heap before GC invocations=23 (full 0):
 garbage-first heap   total 198656K, used 173732K [0x0000000080000000, 0x0000000100000000)
  region size 1024K, 60 young (61440K), 9 survivors (9216K)
 Metaspace       used 100588K, committed 101312K, reserved 1138688K
  class space    used 13644K, committed 14016K, reserved 1048576K
}
Event: 13.637 GC heap after
{Heap after GC invocations=24 (full 0):
 garbage-first heap   total 203776K, used 126422K [0x0000000080000000, 0x0000000100000000)
  region size 1024K, 8 young (8192K), 8 survivors (8192K)
 Metaspace       used 100588K, committed 101312K, reserved 1138688K
  class space    used 13644K, committed 14016K, reserved 1048576K
}
Event: 13.647 GC heap before
{Heap before GC invocations=24 (full 0):
 garbage-first heap   total 203776K, used 127446K [0x0000000080000000, 0x0000000100000000)
  region size 1024K, 9 young (9216K), 8 survivors (8192K)
 Metaspace       used 100588K, committed 101312K, reserved 1138688K
  class space    used 13644K, committed 14016K, reserved 1048576K
}
Event: 13.653 GC heap after
{Heap after GC invocations=25 (full 0):
 garbage-first heap   total 273408K, used 128311K [0x0000000080000000, 0x0000000100000000)
  region size 1024K, 2 young (2048K), 2 survivors (2048K)
 Metaspace       used 100588K, committed 101312K, reserved 1138688K
  class space    used 13644K, committed 14016K, reserved 1048576K
}
Event: 14.174 GC heap before
{Heap before GC invocations=25 (full 0):
 garbage-first heap   total 273408K, used 165175K [0x0000000080000000, 0x0000000100000000)
  region size 1024K, 39 young (39936K), 2 survivors (2048K)
 Metaspace       used 102992K, committed 103744K, reserved 1146880K
  class space    used 13965K, committed 14336K, reserved 1048576K
}
Event: 14.181 GC heap after
{Heap after GC invocations=26 (full 0):
 garbage-first heap   total 273408K, used 135482K [0x0000000080000000, 0x0000000100000000)
  region size 1024K, 9 young (9216K), 9 survivors (9216K)
 Metaspace       used 102992K, committed 103744K, reserved 1146880K
  class space    used 13965K, committed 14336K, reserved 1048576K
}

